<?xml version="1.0" encoding="UTF-8"?>
<!-- Generated by org.testng.reporters.JUnitReportReporter -->
<testsuite name="pageObject.Home" tests="1" time="91.775" ignored="0" failures="0" timestamp="23 Feb 2021 10:02:46 GMT" skipped="0" hostname="DESKTOP-RA14IEP" errors="0">
  <testcase name="log" time="91.775" classname="pageObject.Home"/>
</testsuite> <!-- pageObject.Home -->
